# JRE version: Java(TM) SE Runtime Environment (8.0_121-b13) (build 1.8.0_121-b13)
# Java VM: Java HotSpot(TM) 64-Bit Server VM (25.121-b13 mixed mode linux-amd64 compressed oops)
Heap:
 PSYoungGen      total 36352K, used 19526K [0x00000000d7f00000, 0x00000000da780000, 0x0000000100000000)
  eden space 31232K, 46% used [0x00000000d7f00000,0x00000000d8d18678,0x00000000d9d80000)
  from space 5120K, 99% used [0x00000000da280000,0x00000000da779490,0x00000000da780000)
  to   space 5120K, 0% used [0x00000000d9d80000,0x00000000d9d80000,0x00000000da280000)
 ParOldGen       total 83456K, used 2067K [0x0000000087c00000, 0x000000008cd80000, 0x00000000d7f00000)
  object space 83456K, 2% used [0x0000000087c00000,0x0000000087e04db0,0x000000008cd80000)
 Metaspace       used 14723K, capacity 14994K, committed 15232K, reserved 1062912K
  class space    used 1591K, capacity 1644K, committed 1664K, reserved 1048576K
GC Heap History (4 events):
Event: 3.433 GC heap before
{Heap before GC invocations=1 (full 0):
 PSYoungGen      total 36352K, used 31232K [0x00000000d7f00000, 0x00000000da780000, 0x0000000100000000)
  eden space 31232K, 100% used [0x00000000d7f00000,0x00000000d9d80000,0x00000000d9d80000)
  from space 5120K, 0% used [0x00000000da280000,0x00000000da280000,0x00000000da780000)
  to   space 5120K, 0% used [0x00000000d9d80000,0x00000000d9d80000,0x00000000da280000)
 ParOldGen       total 83456K, used 0K [0x0000000087c00000, 0x000000008cd80000, 0x00000000d7f00000)
  object space 83456K, 0% used [0x0000000087c00000,0x0000000087c00000,0x000000008cd80000)
 Metaspace       used 11491K, capacity 11652K, committed 11904K, reserved 1060864K
  class space    used 1299K, capacity 1348K, committed 1408K, reserved 1048576K
Event: 3.443 GC heap after
Heap after GC invocations=1 (full 0):
 PSYoungGen      total 36352K, used 4179K [0x00000000d7f00000, 0x00000000da780000, 0x0000000100000000)
  eden space 31232K, 0% used [0x00000000d7f00000,0x00000000d7f00000,0x00000000d9d80000)
  from space 5120K, 81% used [0x00000000d9d80000,0x00000000da194eb0,0x00000000da280000)
  to   space 5120K, 0% used [0x00000000da280000,0x00000000da280000,0x00000000da780000)
 ParOldGen       total 83456K, used 39K [0x0000000087c00000, 0x000000008cd80000, 0x00000000d7f00000)
  object space 83456K, 0% used [0x0000000087c00000,0x0000000087c09c60,0x000000008cd80000)
 Metaspace       used 11491K, capacity 11652K, committed 11904K, reserved 1060864K
  class space    used 1299K, capacity 1348K, committed 1408K, reserved 1048576K
}
Event: 13.284 GC heap before
{Heap before GC invocations=2 (full 0):
 PSYoungGen      total 36352K, used 35411K [0x00000000d7f00000, 0x00000000da780000, 0x0000000100000000)
  eden space 31232K, 100% used [0x00000000d7f00000,0x00000000d9d80000,0x00000000d9d80000)
  from space 5120K, 81% used [0x00000000d9d80000,0x00000000da194eb0,0x00000000da280000)
  to   space 5120K, 0% used [0x00000000da280000,0x00000000da280000,0x00000000da780000)
 ParOldGen       total 83456K, used 39K [0x0000000087c00000, 0x000000008cd80000, 0x00000000d7f00000)
  object space 83456K, 0% used [0x0000000087c00000,0x0000000087c09c60,0x000000008cd80000)
 Metaspace       used 14612K, capacity 14866K, committed 14976K, reserved 1062912K
  class space    used 1586K, capacity 1644K, committed 1664K, reserved 1048576K
Event: 13.295 GC heap after
Heap after GC invocations=2 (full 0):
 PSYoungGen      total 36352K, used 5093K [0x00000000d7f00000, 0x00000000da780000, 0x0000000100000000)
  eden space 31232K, 0% used [0x00000000d7f00000,0x00000000d7f00000,0x00000000d9d80000)
  from space 5120K, 99% used [0x00000000da280000,0x00000000da779490,0x00000000da780000)
  to   space 5120K, 0% used [0x00000000d9d80000,0x00000000d9d80000,0x00000000da280000)
 ParOldGen       total 83456K, used 2067K [0x0000000087c00000, 0x000000008cd80000, 0x00000000d7f00000)
  object space 83456K, 2% used [0x0000000087c00000,0x0000000087e04db0,0x000000008cd80000)
 Metaspace       used 14612K, capacity 14866K, committed 14976K, reserved 1062912K
  class space    used 1586K, capacity 1644K, committed 1664K, reserved 1048576K
}

