# JRE version: Java(TM) SE Runtime Environment (8.0_121-b13) (build 1.8.0_121-b13)
# Java VM: Java HotSpot(TM) 64-Bit Server VM (25.121-b13 mixed mode linux-amd64 compressed oops)
Heap:
 PSYoungGen      total 36352K, used 1853K [0x00000000d7f00000, 0x00000000da780000, 0x0000000100000000)
  eden space 31232K, 5% used [0x00000000d7f00000,0x00000000d80cf648,0x00000000d9d80000)
  from space 5120K, 0% used [0x00000000d9d80000,0x00000000d9d80000,0x00000000da280000)
  to   space 5120K, 0% used [0x00000000da280000,0x00000000da280000,0x00000000da780000)
 ParOldGen       total 44032K, used 9404K [0x0000000087c00000, 0x000000008a700000, 0x00000000d7f00000)
  object space 44032K, 21% used [0x0000000087c00000,0x000000008852f378,0x000000008a700000)
 Metaspace       used 20881K, capacity 21240K, committed 21552K, reserved 1069056K
  class space    used 2291K, capacity 2406K, committed 2432K, reserved 1048576K
GC Heap History (8 events):
Event: 1.670 GC heap before
{Heap before GC invocations=1 (full 0):
 PSYoungGen      total 36352K, used 31232K [0x00000000d7f00000, 0x00000000da780000, 0x0000000100000000)
  eden space 31232K, 100% used [0x00000000d7f00000,0x00000000d9d80000,0x00000000d9d80000)
  from space 5120K, 0% used [0x00000000da280000,0x00000000da280000,0x00000000da780000)
  to   space 5120K, 0% used [0x00000000d9d80000,0x00000000d9d80000,0x00000000da280000)
 ParOldGen       total 83456K, used 0K [0x0000000087c00000, 0x000000008cd80000, 0x00000000d7f00000)
  object space 83456K, 0% used [0x0000000087c00000,0x0000000087c00000,0x000000008cd80000)
 Metaspace       used 15571K, capacity 15834K, committed 16128K, reserved 1062912K
  class space    used 1711K, capacity 1787K, committed 1792K, reserved 1048576K
Event: 1.678 GC heap after
Heap after GC invocations=1 (full 0):
 PSYoungGen      total 36352K, used 5102K [0x00000000d7f00000, 0x00000000da780000, 0x0000000100000000)
  eden space 31232K, 0% used [0x00000000d7f00000,0x00000000d7f00000,0x00000000d9d80000)
  from space 5120K, 99% used [0x00000000d9d80000,0x00000000da27b860,0x00000000da280000)
  to   space 5120K, 0% used [0x00000000da280000,0x00000000da280000,0x00000000da780000)
 ParOldGen       total 83456K, used 1743K [0x0000000087c00000, 0x000000008cd80000, 0x00000000d7f00000)
  object space 83456K, 2% used [0x0000000087c00000,0x0000000087db3c60,0x000000008cd80000)
 Metaspace       used 15571K, capacity 15834K, committed 16128K, reserved 1062912K
  class space    used 1711K, capacity 1787K, committed 1792K, reserved 1048576K
}
Event: 7.734 GC heap before
{Heap before GC invocations=2 (full 0):
 PSYoungGen      total 36352K, used 36334K [0x00000000d7f00000, 0x00000000da780000, 0x0000000100000000)
  eden space 31232K, 100% used [0x00000000d7f00000,0x00000000d9d80000,0x00000000d9d80000)
  from space 5120K, 99% used [0x00000000d9d80000,0x00000000da27b860,0x00000000da280000)
  to   space 5120K, 0% used [0x00000000da280000,0x00000000da280000,0x00000000da780000)
 ParOldGen       total 83456K, used 1743K [0x0000000087c00000, 0x000000008cd80000, 0x00000000d7f00000)
  object space 83456K, 2% used [0x0000000087c00000,0x0000000087db3c60,0x000000008cd80000)
 Metaspace       used 20452K, capacity 20742K, committed 21120K, reserved 1069056K
  class space    used 2280K, capacity 2371K, committed 2432K, reserved 1048576K
Event: 7.742 GC heap after
Heap after GC invocations=2 (full 0):
 PSYoungGen      total 36352K, used 5094K [0x00000000d7f00000, 0x00000000da780000, 0x0000000100000000)
  eden space 31232K, 0% used [0x00000000d7f00000,0x00000000d7f00000,0x00000000d9d80000)
  from space 5120K, 99% used [0x00000000da280000,0x00000000da779b50,0x00000000da780000)
  to   space 5120K, 0% used [0x00000000d9d80000,0x00000000d9d80000,0x00000000da280000)
 ParOldGen       total 83456K, used 4797K [0x0000000087c00000, 0x000000008cd80000, 0x00000000d7f00000)
  object space 83456K, 5% used [0x0000000087c00000,0x00000000880af670,0x000000008cd80000)
 Metaspace       used 20452K, capacity 20742K, committed 21120K, reserved 1069056K
  class space    used 2280K, capacity 2371K, committed 2432K, reserved 1048576K
}
Event: 10.350 GC heap before
{Heap before GC invocations=3 (full 0):
 PSYoungGen      total 36352K, used 14426K [0x00000000d7f00000, 0x00000000da780000, 0x0000000100000000)
  eden space 31232K, 29% used [0x00000000d7f00000,0x00000000d881ce58,0x00000000d9d80000)
  from space 5120K, 99% used [0x00000000da280000,0x00000000da779b50,0x00000000da780000)
  to   space 5120K, 0% used [0x00000000d9d80000,0x00000000d9d80000,0x00000000da280000)
 ParOldGen       total 83456K, used 4797K [0x0000000087c00000, 0x000000008cd80000, 0x00000000d7f00000)
  object space 83456K, 5% used [0x0000000087c00000,0x00000000880af670,0x000000008cd80000)
 Metaspace       used 20748K, capacity 21010K, committed 21296K, reserved 1069056K
  class space    used 2287K, capacity 2373K, committed 2432K, reserved 1048576K
Event: 10.359 GC heap after
Heap after GC invocations=3 (full 0):
 PSYoungGen      total 36352K, used 5112K [0x00000000d7f00000, 0x00000000da780000, 0x0000000100000000)
  eden space 31232K, 0% used [0x00000000d7f00000,0x00000000d7f00000,0x00000000d9d80000)
  from space 5120K, 99% used [0x00000000d9d80000,0x00000000da27e370,0x00000000da280000)
  to   space 5120K, 0% used [0x00000000da280000,0x00000000da280000,0x00000000da780000)
 ParOldGen       total 83456K, used 6833K [0x0000000087c00000, 0x000000008cd80000, 0x00000000d7f00000)
  object space 83456K, 8% used [0x0000000087c00000,0x00000000882ac500,0x000000008cd80000)
 Metaspace       used 20748K, capacity 21010K, committed 21296K, reserved 1069056K
  class space    used 2287K, capacity 2373K, committed 2432K, reserved 1048576K
}
Event: 10.359 GC heap before
{Heap before GC invocations=4 (full 1):
 PSYoungGen      total 36352K, used 5112K [0x00000000d7f00000, 0x00000000da780000, 0x0000000100000000)
  eden space 31232K, 0% used [0x00000000d7f00000,0x00000000d7f00000,0x00000000d9d80000)
  from space 5120K, 99% used [0x00000000d9d80000,0x00000000da27e370,0x00000000da280000)
  to   space 5120K, 0% used [0x00000000da280000,0x00000000da280000,0x00000000da780000)
 ParOldGen       total 83456K, used 6833K [0x0000000087c00000, 0x000000008cd80000, 0x00000000d7f00000)
  object space 83456K, 8% used [0x0000000087c00000,0x00000000882ac500,0x000000008cd80000)
 Metaspace       used 20748K, capacity 21010K, committed 21296K, reserved 1069056K
  class space    used 2287K, capacity 2373K, committed 2432K, reserved 1048576K
Event: 10.396 GC heap after
Heap after GC invocations=4 (full 1):
 PSYoungGen      total 36352K, used 0K [0x00000000d7f00000, 0x00000000da780000, 0x0000000100000000)
  eden space 31232K, 0% used [0x00000000d7f00000,0x00000000d7f00000,0x00000000d9d80000)
  from space 5120K, 0% used [0x00000000d9d80000,0x00000000d9d80000,0x00000000da280000)
  to   space 5120K, 0% used [0x00000000da280000,0x00000000da280000,0x00000000da780000)
 ParOldGen       total 44032K, used 9404K [0x0000000087c00000, 0x000000008a700000, 0x00000000d7f00000)
  object space 44032K, 21% used [0x0000000087c00000,0x000000008852f378,0x000000008a700000)
 Metaspace       used 20748K, capacity 21010K, committed 21296K, reserved 1069056K
  class space    used 2287K, capacity 2373K, committed 2432K, reserved 1048576K
}

