# JRE version: Java(TM) SE Runtime Environment (8.0_121-b13) (build 1.8.0_121-b13)
# Java VM: Java HotSpot(TM) 64-Bit Server VM (25.121-b13 mixed mode linux-amd64 compressed oops)
Heap:
 PSYoungGen      total 35840K, used 25634K [0x00000000d7f00000, 0x00000000db400000, 0x0000000100000000)
  eden space 30720K, 66% used [0x00000000d7f00000,0x00000000d930f110,0x00000000d9d00000)
  from space 5120K, 99% used [0x00000000d9d80000,0x00000000da279700,0x00000000da280000)
  to   space 11776K, 0% used [0x00000000da880000,0x00000000da880000,0x00000000db400000)
 ParOldGen       total 46592K, used 10445K [0x0000000087c00000, 0x000000008a980000, 0x00000000d7f00000)
  object space 46592K, 22% used [0x0000000087c00000,0x00000000886336f0,0x000000008a980000)
 Metaspace       used 28627K, capacity 28936K, committed 29184K, reserved 1075200K
  class space    used 3218K, capacity 3308K, committed 3328K, reserved 1048576K
GC Heap History (10 events):
Event: 21.908 GC heap before
{Heap before GC invocations=2 (full 0):
 PSYoungGen      total 36352K, used 35899K [0x00000000d7f00000, 0x00000000da780000, 0x0000000100000000)
  eden space 31232K, 100% used [0x00000000d7f00000,0x00000000d9d80000,0x00000000d9d80000)
  from space 5120K, 91% used [0x00000000d9d80000,0x00000000da20ec10,0x00000000da280000)
  to   space 5120K, 0% used [0x00000000da280000,0x00000000da280000,0x00000000da780000)
 ParOldGen       total 83456K, used 39K [0x0000000087c00000, 0x000000008cd80000, 0x00000000d7f00000)
  object space 83456K, 0% used [0x0000000087c00000,0x0000000087c09c60,0x000000008cd80000)
 Metaspace       used 20617K, capacity 20838K, committed 21120K, reserved 1069056K
  class space    used 2299K, capacity 2373K, committed 2432K, reserved 1048576K
Event: 21.918 GC heap after
Heap after GC invocations=2 (full 0):
 PSYoungGen      total 36352K, used 5116K [0x00000000d7f00000, 0x00000000da780000, 0x0000000100000000)
  eden space 31232K, 0% used [0x00000000d7f00000,0x00000000d7f00000,0x00000000d9d80000)
  from space 5120K, 99% used [0x00000000da280000,0x00000000da77f040,0x00000000da780000)
  to   space 5120K, 0% used [0x00000000d9d80000,0x00000000d9d80000,0x00000000da280000)
 ParOldGen       total 83456K, used 5428K [0x0000000087c00000, 0x000000008cd80000, 0x00000000d7f00000)
  object space 83456K, 6% used [0x0000000087c00000,0x000000008814d0c0,0x000000008cd80000)
 Metaspace       used 20617K, capacity 20838K, committed 21120K, reserved 1069056K
  class space    used 2299K, capacity 2373K, committed 2432K, reserved 1048576K
}
Event: 25.362 GC heap before
{Heap before GC invocations=3 (full 0):
 PSYoungGen      total 36352K, used 8178K [0x00000000d7f00000, 0x00000000da780000, 0x0000000100000000)
  eden space 31232K, 9% used [0x00000000d7f00000,0x00000000d81fda70,0x00000000d9d80000)
  from space 5120K, 99% used [0x00000000da280000,0x00000000da77f040,0x00000000da780000)
  to   space 5120K, 0% used [0x00000000d9d80000,0x00000000d9d80000,0x00000000da280000)
 ParOldGen       total 83456K, used 5428K [0x0000000087c00000, 0x000000008cd80000, 0x00000000d7f00000)
  object space 83456K, 6% used [0x0000000087c00000,0x000000008814d0c0,0x000000008cd80000)
 Metaspace       used 20843K, capacity 21084K, committed 21296K, reserved 1069056K
  class space    used 2339K, capacity 2416K, committed 2432K, reserved 1048576K
Event: 25.368 GC heap after
Heap after GC invocations=3 (full 0):
 PSYoungGen      total 36352K, used 5100K [0x00000000d7f00000, 0x00000000da780000, 0x0000000100000000)
  eden space 31232K, 0% used [0x00000000d7f00000,0x00000000d7f00000,0x00000000d9d80000)
  from space 5120K, 99% used [0x00000000d9d80000,0x00000000da27b050,0x00000000da280000)
  to   space 5120K, 0% used [0x00000000da280000,0x00000000da280000,0x00000000da780000)
 ParOldGen       total 83456K, used 5552K [0x0000000087c00000, 0x000000008cd80000, 0x00000000d7f00000)
  object space 83456K, 6% used [0x0000000087c00000,0x000000008816c1a0,0x000000008cd80000)
 Metaspace       used 20843K, capacity 21084K, committed 21296K, reserved 1069056K
  class space    used 2339K, capacity 2416K, committed 2432K, reserved 1048576K
}
Event: 25.368 GC heap before
{Heap before GC invocations=4 (full 1):
 PSYoungGen      total 36352K, used 5100K [0x00000000d7f00000, 0x00000000da780000, 0x0000000100000000)
  eden space 31232K, 0% used [0x00000000d7f00000,0x00000000d7f00000,0x00000000d9d80000)
  from space 5120K, 99% used [0x00000000d9d80000,0x00000000da27b050,0x00000000da280000)
  to   space 5120K, 0% used [0x00000000da280000,0x00000000da280000,0x00000000da780000)
 ParOldGen       total 83456K, used 5552K [0x0000000087c00000, 0x000000008cd80000, 0x00000000d7f00000)
  object space 83456K, 6% used [0x0000000087c00000,0x000000008816c1a0,0x000000008cd80000)
 Metaspace       used 20843K, capacity 21084K, committed 21296K, reserved 1069056K
  class space    used 2339K, capacity 2416K, committed 2432K, reserved 1048576K
Event: 25.398 GC heap after
Heap after GC invocations=4 (full 1):
 PSYoungGen      total 36352K, used 0K [0x00000000d7f00000, 0x00000000da780000, 0x0000000100000000)
  eden space 31232K, 0% used [0x00000000d7f00000,0x00000000d7f00000,0x00000000d9d80000)
  from space 5120K, 0% used [0x00000000d9d80000,0x00000000d9d80000,0x00000000da280000)
  to   space 5120K, 0% used [0x00000000da280000,0x00000000da280000,0x00000000da780000)
 ParOldGen       total 46592K, used 8742K [0x0000000087c00000, 0x000000008a980000, 0x00000000d7f00000)
  object space 46592K, 18% used [0x0000000087c00000,0x0000000088489b50,0x000000008a980000)
 Metaspace       used 20843K, capacity 21084K, committed 21296K, reserved 1069056K
  class space    used 2339K, capacity 2416K, committed 2432K, reserved 1048576K
}
Event: 65.188 GC heap before
{Heap before GC invocations=5 (full 1):
 PSYoungGen      total 36352K, used 31232K [0x00000000d7f00000, 0x00000000da780000, 0x0000000100000000)
  eden space 31232K, 100% used [0x00000000d7f00000,0x00000000d9d80000,0x00000000d9d80000)
  from space 5120K, 0% used [0x00000000d9d80000,0x00000000d9d80000,0x00000000da280000)
  to   space 5120K, 0% used [0x00000000da280000,0x00000000da280000,0x00000000da780000)
 ParOldGen       total 46592K, used 8742K [0x0000000087c00000, 0x000000008a980000, 0x00000000d7f00000)
  object space 46592K, 18% used [0x0000000087c00000,0x0000000088489b50,0x000000008a980000)
 Metaspace       used 22850K, capacity 23132K, committed 23552K, reserved 1071104K
  class space    used 2615K, capacity 2708K, committed 2816K, reserved 1048576K
Event: 65.190 GC heap after
Heap after GC invocations=5 (full 1):
 PSYoungGen      total 36352K, used 1656K [0x00000000d7f00000, 0x00000000da780000, 0x0000000100000000)
  eden space 31232K, 0% used [0x00000000d7f00000,0x00000000d7f00000,0x00000000d9d80000)
  from space 5120K, 32% used [0x00000000da280000,0x00000000da41e0d0,0x00000000da780000)
  to   space 5120K, 0% used [0x00000000d9d80000,0x00000000d9d80000,0x00000000da280000)
 ParOldGen       total 46592K, used 8750K [0x0000000087c00000, 0x000000008a980000, 0x00000000d7f00000)
  object space 46592K, 18% used [0x0000000087c00000,0x000000008848bb50,0x000000008a980000)
 Metaspace       used 22850K, capacity 23132K, committed 23552K, reserved 1071104K
  class space    used 2615K, capacity 2708K, committed 2816K, reserved 1048576K
}
Event: 72.658 GC heap before
{Heap before GC invocations=6 (full 1):
 PSYoungGen      total 36352K, used 32888K [0x00000000d7f00000, 0x00000000da780000, 0x0000000100000000)
  eden space 31232K, 100% used [0x00000000d7f00000,0x00000000d9d80000,0x00000000d9d80000)
  from space 5120K, 32% used [0x00000000da280000,0x00000000da41e0d0,0x00000000da780000)
  to   space 5120K, 0% used [0x00000000d9d80000,0x00000000d9d80000,0x00000000da280000)
 ParOldGen       total 46592K, used 8750K [0x0000000087c00000, 0x000000008a980000, 0x00000000d7f00000)
  object space 46592K, 18% used [0x0000000087c00000,0x000000008848bb50,0x000000008a980000)
 Metaspace       used 28327K, capacity 28648K, committed 28928K, reserved 1075200K
  class space    used 3191K, capacity 3276K, committed 3328K, reserved 1048576K
Event: 72.688 GC heap after
Heap after GC invocations=6 (full 1):
 PSYoungGen      total 35840K, used 5093K [0x00000000d7f00000, 0x00000000db400000, 0x0000000100000000)
  eden space 30720K, 0% used [0x00000000d7f00000,0x00000000d7f00000,0x00000000d9d00000)
  from space 5120K, 99% used [0x00000000d9d80000,0x00000000da279700,0x00000000da280000)
  to   space 11776K, 0% used [0x00000000da880000,0x00000000da880000,0x00000000db400000)
 ParOldGen       total 46592K, used 10445K [0x0000000087c00000, 0x000000008a980000, 0x00000000d7f00000)
  object space 46592K, 22% used [0x0000000087c00000,0x00000000886336f0,0x000000008a980000)
 Metaspace       used 28327K, capacity 28648K, committed 28928K, reserved 1075200K
  class space    used 3191K, capacity 3276K, committed 3328K, reserved 1048576K
}

